d:\onedrive\onedrive - hogeschool west-vlaanderen\dae\sem04\programming4\exam\bubblebobble_exam\bubblebobbleandengine\mmuttonengine\x64\debug\mmuttonengine.pch
d:\onedrive\onedrive - hogeschool west-vlaanderen\dae\sem04\programming4\exam\bubblebobble_exam\bubblebobbleandengine\mmuttonengine\x64\debug\mmuttonengine.pdb
d:\onedrive\onedrive - hogeschool west-vlaanderen\dae\sem04\programming4\exam\bubblebobble_exam\bubblebobbleandengine\mmuttonengine\x64\debug\mmuttonengine.idb
d:\onedrive\onedrive - hogeschool west-vlaanderen\dae\sem04\programming4\exam\bubblebobble_exam\bubblebobbleandengine\mmuttonengine\x64\debug\pch.obj
d:\onedrive\onedrive - hogeschool west-vlaanderen\dae\sem04\programming4\exam\bubblebobble_exam\bubblebobbleandengine\mmuttonengine\x64\debug\time.obj
d:\onedrive\onedrive - hogeschool west-vlaanderen\dae\sem04\programming4\exam\bubblebobble_exam\bubblebobbleandengine\mmuttonengine\x64\debug\texturerenderercomponent.obj
d:\onedrive\onedrive - hogeschool west-vlaanderen\dae\sem04\programming4\exam\bubblebobble_exam\bubblebobbleandengine\mmuttonengine\x64\debug\texture2d.obj
d:\onedrive\onedrive - hogeschool west-vlaanderen\dae\sem04\programming4\exam\bubblebobble_exam\bubblebobbleandengine\mmuttonengine\x64\debug\textcomponent.obj
d:\onedrive\onedrive - hogeschool west-vlaanderen\dae\sem04\programming4\exam\bubblebobble_exam\bubblebobbleandengine\mmuttonengine\x64\debug\subject.obj
d:\onedrive\onedrive - hogeschool west-vlaanderen\dae\sem04\programming4\exam\bubblebobble_exam\bubblebobbleandengine\mmuttonengine\x64\debug\scenemanager.obj
d:\onedrive\onedrive - hogeschool west-vlaanderen\dae\sem04\programming4\exam\bubblebobble_exam\bubblebobbleandengine\mmuttonengine\x64\debug\scene.obj
d:\onedrive\onedrive - hogeschool west-vlaanderen\dae\sem04\programming4\exam\bubblebobble_exam\bubblebobbleandengine\mmuttonengine\x64\debug\rigidbodycomponent.obj
d:\onedrive\onedrive - hogeschool west-vlaanderen\dae\sem04\programming4\exam\bubblebobble_exam\bubblebobbleandengine\mmuttonengine\x64\debug\resourcemanager.obj
d:\onedrive\onedrive - hogeschool west-vlaanderen\dae\sem04\programming4\exam\bubblebobble_exam\bubblebobbleandengine\mmuttonengine\x64\debug\renderer.obj
d:\onedrive\onedrive - hogeschool west-vlaanderen\dae\sem04\programming4\exam\bubblebobble_exam\bubblebobbleandengine\mmuttonengine\x64\debug\inputcomponent.obj
d:\onedrive\onedrive - hogeschool west-vlaanderen\dae\sem04\programming4\exam\bubblebobble_exam\bubblebobbleandengine\mmuttonengine\x64\debug\gameobject.obj
d:\onedrive\onedrive - hogeschool west-vlaanderen\dae\sem04\programming4\exam\bubblebobble_exam\bubblebobbleandengine\mmuttonengine\x64\debug\gamemode.obj
d:\onedrive\onedrive - hogeschool west-vlaanderen\dae\sem04\programming4\exam\bubblebobble_exam\bubblebobbleandengine\mmuttonengine\x64\debug\font.obj
d:\onedrive\onedrive - hogeschool west-vlaanderen\dae\sem04\programming4\exam\bubblebobble_exam\bubblebobbleandengine\mmuttonengine\x64\debug\collidercomponent.obj
d:\onedrive\onedrive - hogeschool west-vlaanderen\dae\sem04\programming4\exam\bubblebobble_exam\bubblebobbleandengine\mmuttonengine\x64\debug\circlecollidercomponent.obj
d:\onedrive\onedrive - hogeschool west-vlaanderen\dae\sem04\programming4\exam\bubblebobble_exam\bubblebobbleandengine\mmuttonengine\x64\debug\boxcollidercomponent.obj
d:\onedrive\onedrive - hogeschool west-vlaanderen\dae\sem04\programming4\exam\bubblebobble_exam\bubblebobbleandengine\mmuttonengine\x64\debug\binaryreader.obj
d:\onedrive\onedrive - hogeschool west-vlaanderen\dae\sem04\programming4\exam\bubblebobble_exam\bubblebobbleandengine\mmuttonengine\x64\debug\basecomponent.obj
d:\onedrive\onedrive - hogeschool west-vlaanderen\dae\sem04\programming4\exam\bubblebobble_exam\bubblebobbleandengine\mmuttonengine\x64\debug\animationcomponent.obj
d:\onedrive\onedrive - hogeschool west-vlaanderen\dae\sem04\programming4\exam\bubblebobble_exam\bubblebobbleandengine\mmuttonengine\x64\debug\transformcomponent.obj
d:\onedrive\onedrive - hogeschool west-vlaanderen\dae\sem04\programming4\exam\bubblebobble_exam\bubblebobbleandengine\x64\debug\mmuttonengine.lib
d:\onedrive\onedrive - hogeschool west-vlaanderen\dae\sem04\programming4\exam\bubblebobble_exam\bubblebobbleandengine\mmuttonengine\x64\debug\vcpkg.applocal.log
d:\onedrive\onedrive - hogeschool west-vlaanderen\dae\sem04\programming4\exam\bubblebobble_exam\bubblebobbleandengine\mmuttonengine\x64\debug\mmuttonengine.tlog\cl.command.1.tlog
d:\onedrive\onedrive - hogeschool west-vlaanderen\dae\sem04\programming4\exam\bubblebobble_exam\bubblebobbleandengine\mmuttonengine\x64\debug\mmuttonengine.tlog\cl.read.1.tlog
d:\onedrive\onedrive - hogeschool west-vlaanderen\dae\sem04\programming4\exam\bubblebobble_exam\bubblebobbleandengine\mmuttonengine\x64\debug\mmuttonengine.tlog\cl.write.1.tlog
d:\onedrive\onedrive - hogeschool west-vlaanderen\dae\sem04\programming4\exam\bubblebobble_exam\bubblebobbleandengine\mmuttonengine\x64\debug\mmuttonengine.tlog\lib-link.read.1.tlog
d:\onedrive\onedrive - hogeschool west-vlaanderen\dae\sem04\programming4\exam\bubblebobble_exam\bubblebobbleandengine\mmuttonengine\x64\debug\mmuttonengine.tlog\lib-link.write.1.tlog
d:\onedrive\onedrive - hogeschool west-vlaanderen\dae\sem04\programming4\exam\bubblebobble_exam\bubblebobbleandengine\mmuttonengine\x64\debug\mmuttonengine.tlog\lib.command.1.tlog
d:\onedrive\onedrive - hogeschool west-vlaanderen\dae\sem04\programming4\exam\bubblebobble_exam\bubblebobbleandengine\mmuttonengine\x64\debug\mmuttonengine.tlog\mmuttonengine.write.1u.tlog
