d:\onedrive\onedrive - hogeschool west-vlaanderen\dae\sem04\programming4\exam\bubblebobble_exam\bubblebobbleandengine\mmuttonengine\x64\release\mmuttonengine.pdb
d:\onedrive\onedrive - hogeschool west-vlaanderen\dae\sem04\programming4\exam\bubblebobble_exam\bubblebobbleandengine\mmuttonengine\x64\release\mmuttonengine.obj
d:\onedrive\onedrive - hogeschool west-vlaanderen\dae\sem04\programming4\exam\bubblebobble_exam\bubblebobbleandengine\mmuttonengine\x64\release\gameobject.obj
d:\onedrive\onedrive - hogeschool west-vlaanderen\dae\sem04\programming4\exam\bubblebobble_exam\bubblebobbleandengine\mmuttonengine\x64\release\transformcomponent.obj
d:\onedrive\onedrive - hogeschool west-vlaanderen\dae\sem04\programming4\exam\bubblebobble_exam\bubblebobbleandengine\mmuttonengine\x64\release\time.obj
d:\onedrive\onedrive - hogeschool west-vlaanderen\dae\sem04\programming4\exam\bubblebobble_exam\bubblebobbleandengine\mmuttonengine\x64\release\texturerenderercomponent.obj
d:\onedrive\onedrive - hogeschool west-vlaanderen\dae\sem04\programming4\exam\bubblebobble_exam\bubblebobbleandengine\mmuttonengine\x64\release\texture2d.obj
d:\onedrive\onedrive - hogeschool west-vlaanderen\dae\sem04\programming4\exam\bubblebobble_exam\bubblebobbleandengine\mmuttonengine\x64\release\textcomponent.obj
d:\onedrive\onedrive - hogeschool west-vlaanderen\dae\sem04\programming4\exam\bubblebobble_exam\bubblebobbleandengine\mmuttonengine\x64\release\scenemanager.obj
d:\onedrive\onedrive - hogeschool west-vlaanderen\dae\sem04\programming4\exam\bubblebobble_exam\bubblebobbleandengine\mmuttonengine\x64\release\scene.obj
d:\onedrive\onedrive - hogeschool west-vlaanderen\dae\sem04\programming4\exam\bubblebobble_exam\bubblebobbleandengine\mmuttonengine\x64\release\rigidbodycomponent.obj
d:\onedrive\onedrive - hogeschool west-vlaanderen\dae\sem04\programming4\exam\bubblebobble_exam\bubblebobbleandengine\mmuttonengine\x64\release\resourcemanager.obj
d:\onedrive\onedrive - hogeschool west-vlaanderen\dae\sem04\programming4\exam\bubblebobble_exam\bubblebobbleandengine\mmuttonengine\x64\release\renderer.obj
d:\onedrive\onedrive - hogeschool west-vlaanderen\dae\sem04\programming4\exam\bubblebobble_exam\bubblebobbleandengine\mmuttonengine\x64\release\inputcomponent.obj
d:\onedrive\onedrive - hogeschool west-vlaanderen\dae\sem04\programming4\exam\bubblebobble_exam\bubblebobbleandengine\mmuttonengine\x64\release\gamedata.obj
d:\onedrive\onedrive - hogeschool west-vlaanderen\dae\sem04\programming4\exam\bubblebobble_exam\bubblebobbleandengine\mmuttonengine\x64\release\font.obj
d:\onedrive\onedrive - hogeschool west-vlaanderen\dae\sem04\programming4\exam\bubblebobble_exam\bubblebobbleandengine\mmuttonengine\x64\release\boxcollidercomponent.obj
d:\onedrive\onedrive - hogeschool west-vlaanderen\dae\sem04\programming4\exam\bubblebobble_exam\bubblebobbleandengine\mmuttonengine\x64\release\binaryreader.obj
d:\onedrive\onedrive - hogeschool west-vlaanderen\dae\sem04\programming4\exam\bubblebobble_exam\bubblebobbleandengine\mmuttonengine\x64\release\basecomponent.obj
d:\onedrive\onedrive - hogeschool west-vlaanderen\dae\sem04\programming4\exam\bubblebobble_exam\bubblebobbleandengine\mmuttonengine\x64\release\animationcomponent.obj
d:\onedrive\onedrive - hogeschool west-vlaanderen\dae\sem04\programming4\exam\bubblebobble_exam\bubblebobbleandengine\mmuttonengine\x64\release\subject.obj
d:\onedrive\onedrive - hogeschool west-vlaanderen\dae\sem04\programming4\exam\bubblebobble_exam\bubblebobbleandengine\mmuttonengine\x64\release\gamemode.obj
d:\onedrive\onedrive - hogeschool west-vlaanderen\dae\sem04\programming4\exam\bubblebobble_exam\bubblebobbleandengine\mmuttonengine\x64\release\mmuttonengine.pch
d:\onedrive\onedrive - hogeschool west-vlaanderen\dae\sem04\programming4\exam\bubblebobble_exam\bubblebobbleandengine\mmuttonengine\x64\release\pch.obj
d:\onedrive\onedrive - hogeschool west-vlaanderen\dae\sem04\programming4\exam\bubblebobble_exam\bubblebobbleandengine\x64\release\mmuttonengine.lib
d:\onedrive\onedrive - hogeschool west-vlaanderen\dae\sem04\programming4\exam\bubblebobble_exam\bubblebobbleandengine\mmuttonengine\x64\release\vcpkg.applocal.log
d:\onedrive\onedrive - hogeschool west-vlaanderen\dae\sem04\programming4\exam\bubblebobble_exam\bubblebobbleandengine\mmuttonengine\x64\release\mmuttonengine.tlog\cl.command.1.tlog
d:\onedrive\onedrive - hogeschool west-vlaanderen\dae\sem04\programming4\exam\bubblebobble_exam\bubblebobbleandengine\mmuttonengine\x64\release\mmuttonengine.tlog\cl.read.1.tlog
d:\onedrive\onedrive - hogeschool west-vlaanderen\dae\sem04\programming4\exam\bubblebobble_exam\bubblebobbleandengine\mmuttonengine\x64\release\mmuttonengine.tlog\cl.write.1.tlog
d:\onedrive\onedrive - hogeschool west-vlaanderen\dae\sem04\programming4\exam\bubblebobble_exam\bubblebobbleandengine\mmuttonengine\x64\release\mmuttonengine.tlog\lib-link.read.1.tlog
d:\onedrive\onedrive - hogeschool west-vlaanderen\dae\sem04\programming4\exam\bubblebobble_exam\bubblebobbleandengine\mmuttonengine\x64\release\mmuttonengine.tlog\lib-link.write.1.tlog
d:\onedrive\onedrive - hogeschool west-vlaanderen\dae\sem04\programming4\exam\bubblebobble_exam\bubblebobbleandengine\mmuttonengine\x64\release\mmuttonengine.tlog\lib.command.1.tlog
d:\onedrive\onedrive - hogeschool west-vlaanderen\dae\sem04\programming4\exam\bubblebobble_exam\bubblebobbleandengine\mmuttonengine\x64\release\mmuttonengine.tlog\mmuttonengine.write.1u.tlog
