d:\onedrive\onedrive - hogeschool west-vlaanderen\dae\sem04\programming4\exam\bubblebobble_exam\bubblebobbleandengine\x64\debug\bubblebobble.lib
d:\onedrive\onedrive - hogeschool west-vlaanderen\dae\sem04\programming4\exam\bubblebobble_exam\bubblebobbleandengine\x64\debug\bubblebobble.exp
d:\onedrive\onedrive - hogeschool west-vlaanderen\dae\sem04\programming4\exam\bubblebobble_exam\bubblebobbleandengine\minigin\x64\debug\vcpkg.applocal.log
d:\onedrive\onedrive - hogeschool west-vlaanderen\dae\sem04\programming4\exam\bubblebobble_exam\bubblebobbleandengine\minigin\x64\debug\bubblebobble.pch
d:\onedrive\onedrive - hogeschool west-vlaanderen\dae\sem04\programming4\exam\bubblebobble_exam\bubblebobbleandengine\minigin\x64\debug\vc142.pdb
d:\onedrive\onedrive - hogeschool west-vlaanderen\dae\sem04\programming4\exam\bubblebobble_exam\bubblebobbleandengine\minigin\x64\debug\vc142.idb
d:\onedrive\onedrive - hogeschool west-vlaanderen\dae\sem04\programming4\exam\bubblebobble_exam\bubblebobbleandengine\minigin\x64\debug\miniginpch.obj
d:\onedrive\onedrive - hogeschool west-vlaanderen\dae\sem04\programming4\exam\bubblebobble_exam\bubblebobbleandengine\minigin\x64\debug\playercontrollercomponent.obj
d:\onedrive\onedrive - hogeschool west-vlaanderen\dae\sem04\programming4\exam\bubblebobble_exam\bubblebobbleandengine\minigin\x64\debug\player.obj
d:\onedrive\onedrive - hogeschool west-vlaanderen\dae\sem04\programming4\exam\bubblebobble_exam\bubblebobbleandengine\minigin\x64\debug\minigin.obj
d:\onedrive\onedrive - hogeschool west-vlaanderen\dae\sem04\programming4\exam\bubblebobble_exam\bubblebobbleandengine\minigin\x64\debug\main.obj
d:\onedrive\onedrive - hogeschool west-vlaanderen\dae\sem04\programming4\exam\bubblebobble_exam\bubblebobbleandengine\minigin\x64\debug\levelloader.obj
d:\onedrive\onedrive - hogeschool west-vlaanderen\dae\sem04\programming4\exam\bubblebobble_exam\bubblebobbleandengine\minigin\x64\debug\fps.obj
d:\onedrive\onedrive - hogeschool west-vlaanderen\dae\sem04\programming4\exam\bubblebobble_exam\bubblebobbleandengine\minigin\x64\debug\enemy.obj
d:\onedrive\onedrive - hogeschool west-vlaanderen\dae\sem04\programming4\exam\bubblebobble_exam\bubblebobbleandengine\minigin\x64\debug\controllercomponent.obj
d:\onedrive\onedrive - hogeschool west-vlaanderen\dae\sem04\programming4\exam\bubblebobble_exam\bubblebobbleandengine\minigin\x64\debug\bulletbehaviourcomponent.obj
d:\onedrive\onedrive - hogeschool west-vlaanderen\dae\sem04\programming4\exam\bubblebobble_exam\bubblebobbleandengine\minigin\x64\debug\bubblebobbleanimationcomponent.obj
d:\onedrive\onedrive - hogeschool west-vlaanderen\dae\sem04\programming4\exam\bubblebobble_exam\bubblebobbleandengine\minigin\x64\debug\animationstates.obj
d:\onedrive\onedrive - hogeschool west-vlaanderen\dae\sem04\programming4\exam\bubblebobble_exam\bubblebobbleandengine\minigin\x64\debug\aicontrollercomponent.obj
d:\onedrive\onedrive - hogeschool west-vlaanderen\dae\sem04\programming4\exam\bubblebobble_exam\bubblebobbleandengine\minigin\x64\debug\versusmode.obj
d:\onedrive\onedrive - hogeschool west-vlaanderen\dae\sem04\programming4\exam\bubblebobble_exam\bubblebobbleandengine\minigin\x64\debug\singlemode.obj
d:\onedrive\onedrive - hogeschool west-vlaanderen\dae\sem04\programming4\exam\bubblebobble_exam\bubblebobbleandengine\minigin\x64\debug\coopmode.obj
d:\onedrive\onedrive - hogeschool west-vlaanderen\dae\sem04\programming4\exam\bubblebobble_exam\bubblebobbleandengine\x64\debug\bubblebobble.exe
d:\onedrive\onedrive - hogeschool west-vlaanderen\dae\sem04\programming4\exam\bubblebobble_exam\bubblebobbleandengine\x64\debug\bubblebobble.ilk
d:\onedrive\onedrive - hogeschool west-vlaanderen\dae\sem04\programming4\exam\bubblebobble_exam\bubblebobbleandengine\x64\debug\bubblebobble.pdb
d:\onedrive\onedrive - hogeschool west-vlaanderen\dae\sem04\programming4\exam\bubblebobble_exam\bubblebobbleandengine\minigin\x64\debug\bubblebobble.tlog\bubblebobble.write.1u.tlog
d:\onedrive\onedrive - hogeschool west-vlaanderen\dae\sem04\programming4\exam\bubblebobble_exam\bubblebobbleandengine\minigin\x64\debug\bubblebobble.tlog\cl.command.1.tlog
d:\onedrive\onedrive - hogeschool west-vlaanderen\dae\sem04\programming4\exam\bubblebobble_exam\bubblebobbleandengine\minigin\x64\debug\bubblebobble.tlog\cl.read.1.tlog
d:\onedrive\onedrive - hogeschool west-vlaanderen\dae\sem04\programming4\exam\bubblebobble_exam\bubblebobbleandengine\minigin\x64\debug\bubblebobble.tlog\cl.write.1.tlog
d:\onedrive\onedrive - hogeschool west-vlaanderen\dae\sem04\programming4\exam\bubblebobble_exam\bubblebobbleandengine\minigin\x64\debug\bubblebobble.tlog\link.command.1.tlog
d:\onedrive\onedrive - hogeschool west-vlaanderen\dae\sem04\programming4\exam\bubblebobble_exam\bubblebobbleandengine\minigin\x64\debug\bubblebobble.tlog\link.read.1.tlog
d:\onedrive\onedrive - hogeschool west-vlaanderen\dae\sem04\programming4\exam\bubblebobble_exam\bubblebobbleandengine\minigin\x64\debug\bubblebobble.tlog\link.write.1.tlog
