d:\onedrive\onedrive - hogeschool west-vlaanderen\dae\sem04\programming4\exam\bubblebobble_exam\bubblebobbleandengine\minigin\win32\debug\bubblebobble.pch
d:\onedrive\onedrive - hogeschool west-vlaanderen\dae\sem04\programming4\exam\bubblebobble_exam\bubblebobbleandengine\minigin\win32\debug\vc142.pdb
d:\onedrive\onedrive - hogeschool west-vlaanderen\dae\sem04\programming4\exam\bubblebobble_exam\bubblebobbleandengine\minigin\win32\debug\vc142.idb
d:\onedrive\onedrive - hogeschool west-vlaanderen\dae\sem04\programming4\exam\bubblebobble_exam\bubblebobbleandengine\minigin\win32\debug\miniginpch.obj
d:\onedrive\onedrive - hogeschool west-vlaanderen\dae\sem04\programming4\exam\bubblebobble_exam\bubblebobbleandengine\minigin\win32\debug\versusmode.obj
d:\onedrive\onedrive - hogeschool west-vlaanderen\dae\sem04\programming4\exam\bubblebobble_exam\bubblebobbleandengine\minigin\win32\debug\singlemode.obj
d:\onedrive\onedrive - hogeschool west-vlaanderen\dae\sem04\programming4\exam\bubblebobble_exam\bubblebobbleandengine\minigin\win32\debug\playercontrollercomponent.obj
d:\onedrive\onedrive - hogeschool west-vlaanderen\dae\sem04\programming4\exam\bubblebobble_exam\bubblebobbleandengine\minigin\win32\debug\player.obj
d:\onedrive\onedrive - hogeschool west-vlaanderen\dae\sem04\programming4\exam\bubblebobble_exam\bubblebobbleandengine\minigin\win32\debug\minigin.obj
d:\onedrive\onedrive - hogeschool west-vlaanderen\dae\sem04\programming4\exam\bubblebobble_exam\bubblebobbleandengine\minigin\win32\debug\main.obj
d:\onedrive\onedrive - hogeschool west-vlaanderen\dae\sem04\programming4\exam\bubblebobble_exam\bubblebobbleandengine\minigin\win32\debug\levelloader.obj
d:\onedrive\onedrive - hogeschool west-vlaanderen\dae\sem04\programming4\exam\bubblebobble_exam\bubblebobbleandengine\minigin\win32\debug\fps.obj
d:\onedrive\onedrive - hogeschool west-vlaanderen\dae\sem04\programming4\exam\bubblebobble_exam\bubblebobbleandengine\minigin\win32\debug\enemy.obj
d:\onedrive\onedrive - hogeschool west-vlaanderen\dae\sem04\programming4\exam\bubblebobble_exam\bubblebobbleandengine\minigin\win32\debug\coopmode.obj
d:\onedrive\onedrive - hogeschool west-vlaanderen\dae\sem04\programming4\exam\bubblebobble_exam\bubblebobbleandengine\minigin\win32\debug\controllercomponent.obj
d:\onedrive\onedrive - hogeschool west-vlaanderen\dae\sem04\programming4\exam\bubblebobble_exam\bubblebobbleandengine\minigin\win32\debug\bulletbehaviourcomponent.obj
d:\onedrive\onedrive - hogeschool west-vlaanderen\dae\sem04\programming4\exam\bubblebobble_exam\bubblebobbleandengine\minigin\win32\debug\bubblebobbleanimationcomponent.obj
d:\onedrive\onedrive - hogeschool west-vlaanderen\dae\sem04\programming4\exam\bubblebobble_exam\bubblebobbleandengine\minigin\win32\debug\animationstates.obj
d:\onedrive\onedrive - hogeschool west-vlaanderen\dae\sem04\programming4\exam\bubblebobble_exam\bubblebobbleandengine\minigin\win32\debug\aicontrollercomponent.obj
d:\onedrive\onedrive - hogeschool west-vlaanderen\dae\sem04\programming4\exam\bubblebobble_exam\bubblebobbleandengine\minigin\win32\debug\bubblebobble.tlog\cl.command.1.tlog
d:\onedrive\onedrive - hogeschool west-vlaanderen\dae\sem04\programming4\exam\bubblebobble_exam\bubblebobbleandengine\minigin\win32\debug\bubblebobble.tlog\cl.read.1.tlog
d:\onedrive\onedrive - hogeschool west-vlaanderen\dae\sem04\programming4\exam\bubblebobble_exam\bubblebobbleandengine\minigin\win32\debug\bubblebobble.tlog\cl.write.1.tlog
d:\onedrive\onedrive - hogeschool west-vlaanderen\dae\sem04\programming4\exam\bubblebobble_exam\bubblebobbleandengine\minigin\win32\debug\bubblebobble.tlog\link.command.1.tlog
d:\onedrive\onedrive - hogeschool west-vlaanderen\dae\sem04\programming4\exam\bubblebobble_exam\bubblebobbleandengine\minigin\win32\debug\bubblebobble.tlog\link.read.1.tlog
d:\onedrive\onedrive - hogeschool west-vlaanderen\dae\sem04\programming4\exam\bubblebobble_exam\bubblebobbleandengine\minigin\win32\debug\bubblebobble.tlog\link.write.1.tlog
