d:\onedrive\onedrive - hogeschool west-vlaanderen\dae\sem04\programming4\exam\bubblebobble_exam\bubblebobbleandengine\minigin\x64\release\bubblebobble.pch
d:\onedrive\onedrive - hogeschool west-vlaanderen\dae\sem04\programming4\exam\bubblebobble_exam\bubblebobbleandengine\minigin\x64\release\vc142.pdb
d:\onedrive\onedrive - hogeschool west-vlaanderen\dae\sem04\programming4\exam\bubblebobble_exam\bubblebobbleandengine\minigin\x64\release\miniginpch.obj
d:\onedrive\onedrive - hogeschool west-vlaanderen\dae\sem04\programming4\exam\bubblebobble_exam\bubblebobbleandengine\minigin\x64\release\versusmode.obj
d:\onedrive\onedrive - hogeschool west-vlaanderen\dae\sem04\programming4\exam\bubblebobble_exam\bubblebobbleandengine\minigin\x64\release\startmenu.obj
d:\onedrive\onedrive - hogeschool west-vlaanderen\dae\sem04\programming4\exam\bubblebobble_exam\bubblebobbleandengine\minigin\x64\release\singlemode.obj
d:\onedrive\onedrive - hogeschool west-vlaanderen\dae\sem04\programming4\exam\bubblebobble_exam\bubblebobbleandengine\minigin\x64\release\playercontrollercomponent.obj
d:\onedrive\onedrive - hogeschool west-vlaanderen\dae\sem04\programming4\exam\bubblebobble_exam\bubblebobbleandengine\minigin\x64\release\player.obj
d:\onedrive\onedrive - hogeschool west-vlaanderen\dae\sem04\programming4\exam\bubblebobble_exam\bubblebobbleandengine\minigin\x64\release\minigin.obj
d:\onedrive\onedrive - hogeschool west-vlaanderen\dae\sem04\programming4\exam\bubblebobble_exam\bubblebobbleandengine\minigin\x64\release\main.obj
d:\onedrive\onedrive - hogeschool west-vlaanderen\dae\sem04\programming4\exam\bubblebobble_exam\bubblebobbleandengine\minigin\x64\release\levelloader.obj
d:\onedrive\onedrive - hogeschool west-vlaanderen\dae\sem04\programming4\exam\bubblebobble_exam\bubblebobbleandengine\minigin\x64\release\fps.obj
d:\onedrive\onedrive - hogeschool west-vlaanderen\dae\sem04\programming4\exam\bubblebobble_exam\bubblebobbleandengine\minigin\x64\release\enemy.obj
d:\onedrive\onedrive - hogeschool west-vlaanderen\dae\sem04\programming4\exam\bubblebobble_exam\bubblebobbleandengine\minigin\x64\release\coopmode.obj
d:\onedrive\onedrive - hogeschool west-vlaanderen\dae\sem04\programming4\exam\bubblebobble_exam\bubblebobbleandengine\minigin\x64\release\controllercomponent.obj
d:\onedrive\onedrive - hogeschool west-vlaanderen\dae\sem04\programming4\exam\bubblebobble_exam\bubblebobbleandengine\minigin\x64\release\bulletbehaviourcomponent.obj
d:\onedrive\onedrive - hogeschool west-vlaanderen\dae\sem04\programming4\exam\bubblebobble_exam\bubblebobbleandengine\minigin\x64\release\bubblebobbleanimationcomponent.obj
d:\onedrive\onedrive - hogeschool west-vlaanderen\dae\sem04\programming4\exam\bubblebobble_exam\bubblebobbleandengine\minigin\x64\release\animationstates.obj
d:\onedrive\onedrive - hogeschool west-vlaanderen\dae\sem04\programming4\exam\bubblebobble_exam\bubblebobbleandengine\minigin\x64\release\aicontrollercomponent.obj
d:\onedrive\onedrive - hogeschool west-vlaanderen\dae\sem04\programming4\exam\bubblebobble_exam\bubblebobbleandengine\minigin\x64\release\bubblebobble.tlog\cl.command.1.tlog
d:\onedrive\onedrive - hogeschool west-vlaanderen\dae\sem04\programming4\exam\bubblebobble_exam\bubblebobbleandengine\minigin\x64\release\bubblebobble.tlog\cl.read.1.tlog
d:\onedrive\onedrive - hogeschool west-vlaanderen\dae\sem04\programming4\exam\bubblebobble_exam\bubblebobbleandengine\minigin\x64\release\bubblebobble.tlog\cl.write.1.tlog
d:\onedrive\onedrive - hogeschool west-vlaanderen\dae\sem04\programming4\exam\bubblebobble_exam\bubblebobbleandengine\minigin\x64\release\bubblebobble.tlog\link.command.1.tlog
d:\onedrive\onedrive - hogeschool west-vlaanderen\dae\sem04\programming4\exam\bubblebobble_exam\bubblebobbleandengine\minigin\x64\release\bubblebobble.tlog\link.read.1.tlog
d:\onedrive\onedrive - hogeschool west-vlaanderen\dae\sem04\programming4\exam\bubblebobble_exam\bubblebobbleandengine\minigin\x64\release\bubblebobble.tlog\link.write.1.tlog
